# JRE version: Java(TM) SE Runtime Environment (17.0.10+11) (build 17.0.10+11-LTS-240)
# Java VM: Java HotSpot(TM) 64-Bit Server VM (17.0.10+11-LTS-240, mixed mode, sharing, tiered, compressed oops, compressed class ptrs, g1 gc, windows-amd64)
GC Precious Log:
 CPUs: 8 total, 8 available
 Memory: 12171M
 Large Page Support: Disabled
 NUMA Support: Disabled
 Compressed Oops: Enabled (Zero based)
 Heap Region Size: 2M
 Heap Min Capacity: 8M
 Heap Initial Capacity: 192M
 Heap Max Capacity: 3044M
 Pre-touch: Disabled
 Parallel Workers: 8
 Concurrent Workers: 2
 Concurrent Refinement Workers: 8
 Periodic GC: Disabled
Heap:
 garbage-first heap   total 73728K, used 36771K [0x0000000741c00000, 0x0000000800000000)
  region size 2048K, 2 young (4096K), 1 survivors (2048K)
 Metaspace       used 73165K, committed 73856K, reserved 1114112K
  class space    used 9870K, committed 10240K, reserved 1048576K
GC Heap History (20 events):
Event: 8.935 GC heap before
{Heap before GC invocations=17 (full 0):
 garbage-first heap   total 73728K, used 53062K [0x0000000741c00000, 0x0000000800000000)
  region size 2048K, 15 young (30720K), 2 survivors (4096K)
 Metaspace       used 62998K, committed 63616K, reserved 1114112K
  class space    used 8580K, committed 8896K, reserved 1048576K
}
Event: 8.940 GC heap after
{Heap after GC invocations=18 (full 0):
 garbage-first heap   total 73728K, used 31192K [0x0000000741c00000, 0x0000000800000000)
  region size 2048K, 2 young (4096K), 2 survivors (4096K)
 Metaspace       used 62998K, committed 63616K, reserved 1114112K
  class space    used 8580K, committed 8896K, reserved 1048576K
}
Event: 16.856 GC heap before
{Heap before GC invocations=19 (full 0):
 garbage-first heap   total 73728K, used 57816K [0x0000000741c00000, 0x0000000800000000)
  region size 2048K, 15 young (30720K), 2 survivors (4096K)
 Metaspace       used 67192K, committed 67776K, reserved 1114112K
  class space    used 9093K, committed 9344K, reserved 1048576K
}
Event: 16.862 GC heap after
{Heap after GC invocations=20 (full 0):
 garbage-first heap   total 73728K, used 33662K [0x0000000741c00000, 0x0000000800000000)
  region size 2048K, 2 young (4096K), 2 survivors (4096K)
 Metaspace       used 67192K, committed 67776K, reserved 1114112K
  class space    used 9093K, committed 9344K, reserved 1048576K
}
Event: 17.835 GC heap before
{Heap before GC invocations=20 (full 0):
 garbage-first heap   total 73728K, used 56190K [0x0000000741c00000, 0x0000000800000000)
  region size 2048K, 13 young (26624K), 2 survivors (4096K)
 Metaspace       used 69617K, committed 70208K, reserved 1114112K
  class space    used 9428K, committed 9728K, reserved 1048576K
}
Event: 17.842 GC heap after
{Heap after GC invocations=21 (full 0):
 garbage-first heap   total 73728K, used 35371K [0x0000000741c00000, 0x0000000800000000)
  region size 2048K, 1 young (2048K), 1 survivors (2048K)
 Metaspace       used 69617K, committed 70208K, reserved 1114112K
  class space    used 9428K, committed 9728K, reserved 1048576K
}
Event: 18.273 GC heap before
{Heap before GC invocations=21 (full 0):
 garbage-first heap   total 73728K, used 57899K [0x0000000741c00000, 0x0000000800000000)
  region size 2048K, 12 young (24576K), 1 survivors (2048K)
 Metaspace       used 70244K, committed 70912K, reserved 1114112K
  class space    used 9449K, committed 9792K, reserved 1048576K
}
Event: 18.276 GC heap after
{Heap after GC invocations=22 (full 0):
 garbage-first heap   total 73728K, used 35742K [0x0000000741c00000, 0x0000000800000000)
  region size 2048K, 2 young (4096K), 2 survivors (4096K)
 Metaspace       used 70244K, committed 70912K, reserved 1114112K
  class space    used 9449K, committed 9792K, reserved 1048576K
}
Event: 218.919 GC heap before
{Heap before GC invocations=23 (full 0):
 garbage-first heap   total 73728K, used 54174K [0x0000000741c00000, 0x0000000800000000)
  region size 2048K, 12 young (24576K), 2 survivors (4096K)
 Metaspace       used 73043K, committed 73664K, reserved 1114112K
  class space    used 9857K, committed 10176K, reserved 1048576K
}
Event: 218.923 GC heap after
{Heap after GC invocations=24 (full 0):
 garbage-first heap   total 73728K, used 36323K [0x0000000741c00000, 0x0000000800000000)
  region size 2048K, 1 young (2048K), 1 survivors (2048K)
 Metaspace       used 73043K, committed 73664K, reserved 1114112K
  class space    used 9857K, committed 10176K, reserved 1048576K
}
Event: 674.020 GC heap before
{Heap before GC invocations=24 (full 0):
 garbage-first heap   total 73728K, used 58851K [0x0000000741c00000, 0x0000000800000000)
  region size 2048K, 12 young (24576K), 1 survivors (2048K)
 Metaspace       used 73094K, committed 73792K, reserved 1114112K
  class space    used 9857K, committed 10176K, reserved 1048576K
}
Event: 674.022 GC heap after
{Heap after GC invocations=25 (full 0):
 garbage-first heap   total 73728K, used 36269K [0x0000000741c00000, 0x0000000800000000)
  region size 2048K, 1 young (2048K), 1 survivors (2048K)
 Metaspace       used 73094K, committed 73792K, reserved 1114112K
  class space    used 9857K, committed 10176K, reserved 1048576K
}
Event: 1130.187 GC heap before
{Heap before GC invocations=26 (full 0):
 garbage-first heap   total 73728K, used 58797K [0x0000000741c00000, 0x0000000800000000)
  region size 2048K, 12 young (24576K), 1 survivors (2048K)
 Metaspace       used 73096K, committed 73792K, reserved 1114112K
  class space    used 9857K, committed 10176K, reserved 1048576K
}
Event: 1130.189 GC heap after
{Heap after GC invocations=27 (full 0):
 garbage-first heap   total 73728K, used 36277K [0x0000000741c00000, 0x0000000800000000)
  region size 2048K, 1 young (2048K), 1 survivors (2048K)
 Metaspace       used 73096K, committed 73792K, reserved 1114112K
  class space    used 9857K, committed 10176K, reserved 1048576K
}
Event: 1586.325 GC heap before
{Heap before GC invocations=27 (full 0):
 garbage-first heap   total 73728K, used 58805K [0x0000000741c00000, 0x0000000800000000)
  region size 2048K, 12 young (24576K), 1 survivors (2048K)
 Metaspace       used 73097K, committed 73792K, reserved 1114112K
  class space    used 9857K, committed 10176K, reserved 1048576K
}
Event: 1586.327 GC heap after
{Heap after GC invocations=28 (full 0):
 garbage-first heap   total 73728K, used 36222K [0x0000000741c00000, 0x0000000800000000)
  region size 2048K, 1 young (2048K), 1 survivors (2048K)
 Metaspace       used 73097K, committed 73792K, reserved 1114112K
  class space    used 9857K, committed 10176K, reserved 1048576K
}
Event: 3033.875 GC heap before
{Heap before GC invocations=29 (full 0):
 garbage-first heap   total 73728K, used 58750K [0x0000000741c00000, 0x0000000800000000)
  region size 2048K, 12 young (24576K), 1 survivors (2048K)
 Metaspace       used 73165K, committed 73856K, reserved 1114112K
  class space    used 9870K, committed 10240K, reserved 1048576K
}
Event: 3033.878 GC heap after
{Heap after GC invocations=30 (full 0):
 garbage-first heap   total 73728K, used 36871K [0x0000000741c00000, 0x0000000800000000)
  region size 2048K, 1 young (2048K), 1 survivors (2048K)
 Metaspace       used 73165K, committed 73856K, reserved 1114112K
  class space    used 9870K, committed 10240K, reserved 1048576K
}
Event: 3490.845 GC heap before
{Heap before GC invocations=30 (full 0):
 garbage-first heap   total 73728K, used 59399K [0x0000000741c00000, 0x0000000800000000)
  region size 2048K, 12 young (24576K), 1 survivors (2048K)
 Metaspace       used 73165K, committed 73856K, reserved 1114112K
  class space    used 9870K, committed 10240K, reserved 1048576K
}
Event: 3490.848 GC heap after
{Heap after GC invocations=31 (full 0):
 garbage-first heap   total 73728K, used 36771K [0x0000000741c00000, 0x0000000800000000)
  region size 2048K, 1 young (2048K), 1 survivors (2048K)
 Metaspace       used 73165K, committed 73856K, reserved 1114112K
  class space    used 9870K, committed 10240K, reserved 1048576K
}

